<?xml version="1.0" encoding="UTF-8"?>
<!-- Generated by org.testng.reporters.JUnitReportReporter -->
<testsuite hostname="IN-FHRY9K3" failures="0" tests="5" name="runner_File.TestRunner" time="0.083" errors="0" timestamp="28 Jul 2022 05:55:23 GMT" skipped="0">
  <testcase classname="runner_File.TestRunner" name="feature" time="0.053"/>
  <testcase classname="runner_File.TestRunner" name="feature" time="0.007"/>
  <testcase classname="runner_File.TestRunner" name="feature" time="0.012"/>
  <testcase classname="runner_File.TestRunner" name="feature" time="0.005"/>
  <testcase classname="runner_File.TestRunner" name="feature" time="0.006"/>
</testsuite> <!-- runner_File.TestRunner -->
