<?xml version="1.0" encoding="UTF-8"?>
<!-- Generated by org.testng.reporters.JUnitReportReporter -->
<testsuite hostname="IN-FHRY9K3" failures="0" tests="5" name="com.RunnerFile.TestRunner" time="120.048" errors="0" timestamp="28 Jul 2022 05:50:34 GMT" skipped="0">
  <testcase classname="com.RunnerFile.TestRunner" name="feature" time="36.937"/>
  <testcase classname="com.RunnerFile.TestRunner" name="feature" time="20.224"/>
  <testcase classname="com.RunnerFile.TestRunner" name="feature" time="19.365"/>
  <testcase classname="com.RunnerFile.TestRunner" name="feature" time="26.221"/>
  <testcase classname="com.RunnerFile.TestRunner" name="feature" time="17.301"/>
</testsuite> <!-- com.RunnerFile.TestRunner -->
